#
# There is insufficient memory for the Java Runtime Environment to continue.
# Native memory allocation (mmap) failed to map 264241152 bytes. Error detail: G1 virtual space
# Possible reasons:
#   The system is out of physical RAM or swap space
#   This process is running with CompressedOops enabled, and the Java Heap may be blocking the growth of the native heap
# Possible solutions:
#   Reduce memory load on the system
#   Increase physical memory or swap space
#   Check if swap backing store is full
#   Decrease Java heap size (-Xmx/-Xms)
#   Decrease number of Java threads
#   Decrease Java thread stack sizes (-Xss)
#   Set larger code cache with -XX:ReservedCodeCacheSize=
#   JVM is running with Zero Based Compressed Oops mode in which the Java heap is
#     placed in the first 32GB address space. The Java Heap base address is the
#     maximum limit for the native heap growth. Please use -XX:HeapBaseMinAddress
#     to set the Java Heap base and to place the Java Heap above 32GB virtual address.
# This output file may be truncated or incomplete.
#
#  Out of Memory Error (os_windows.cpp:3613), pid=28164, tid=16280
#
# JRE version:  (17.0.11+9) (build )
# Java VM: OpenJDK 64-Bit Server VM (17.0.11+9-LTS, mixed mode, sharing, tiered, compressed oops, compressed class ptrs, g1 gc, windows-amd64)
# No core dump will be written. Minidumps are not enabled by default on client versions of Windows
#

---------------  S U M M A R Y ------------

Command Line: -Dnet.bytebuddy.agent.attacher.dump= net.bytebuddy.agent.Attacher com.sun.tools.attach.VirtualMachine 13472 C:\Users\Playdata\.gradle\caches\modules-2\files-2.1\net.bytebuddy\byte-buddy-agent\1.14.18\417558ea01fe9f0e8a94af28b9469d281c4e3984\byte-buddy-agent-1.14.18.jar false 

Host: 11th Gen Intel(R) Core(TM) i5-1135G7 @ 2.40GHz, 8 cores, 15G,  Windows 11 , 64 bit Build 22621 (10.0.22621.3672)
Time: Wed Aug 14 11:22:30 2024  Windows 11 , 64 bit Build 22621 (10.0.22621.3672) elapsed time: 0.012706 seconds (0d 0h 0m 0s)

---------------  T H R E A D  ---------------

Current thread (0x0000019ce4ba7f50):  JavaThread "Unknown thread" [_thread_in_vm, id=16280, stack(0x0000003a9b000000,0x0000003a9b100000)]

Stack: [0x0000003a9b000000,0x0000003a9b100000]
Native frames: (J=compiled Java code, j=interpreted, Vv=VM code, C=native code)
V  [jvm.dll+0x67d009]
V  [jvm.dll+0x83489a]
V  [jvm.dll+0x83635e]
V  [jvm.dll+0x8369c3]
V  [jvm.dll+0x2479df]
V  [jvm.dll+0x679e49]
V  [jvm.dll+0x66e8ba]
V  [jvm.dll+0x30755b]
V  [jvm.dll+0x30ea06]
V  [jvm.dll+0x35e40e]
V  [jvm.dll+0x35e63f]
V  [jvm.dll+0x2de298]
V  [jvm.dll+0x2df204]
V  [jvm.dll+0x806221]
V  [jvm.dll+0x36c161]
V  [jvm.dll+0x7e4c56]
V  [jvm.dll+0x3ef9cf]
V  [jvm.dll+0x3f1521]
C  [jli.dll+0x528f]
C  [ucrtbase.dll+0x29333]
C  [KERNEL32.DLL+0x1257d]
C  [ntdll.dll+0x5af28]


---------------  P R O C E S S  ---------------

Threads class SMR info:
_java_thread_list=0x00007ff8ccc3eed8, length=0, elements={
}

Java Threads: ( => current thread )

Other Threads:
  0x0000019ce4c163e0 GCTaskThread "GC Thread#0" [stack: 0x0000003a9b100000,0x0000003a9b200000] [id=28492]
  0x0000019ce4c26ef0 ConcurrentGCThread "G1 Main Marker" [stack: 0x0000003a9b200000,0x0000003a9b300000] [id=21400]
  0x0000019ce4c27910 ConcurrentGCThread "G1 Conc#0" [stack: 0x0000003a9b300000,0x0000003a9b400000] [id=14552]

[error occurred during error reporting (printing all threads), id 0xc0000005, EXCEPTION_ACCESS_VIOLATION (0xc0000005) at pc=0x00007ff8cc3fecd7]

VM state: not at safepoint (not fully initialized)

VM Mutex/Monitor currently owned by a thread:  ([mutex/lock_event])
[0x0000019ce4ba3ec0] Heap_lock - owner thread: 0x0000019ce4ba7f50

Heap address: 0x0000000704400000, size: 4028 MB, Compressed Oops mode: Zero based, Oop shift amount: 3

CDS archive(s) mapped at: [0x0000000000000000-0x0000000000000000-0x0000000000000000), size 0, SharedBaseAddress: 0x0000000800000000, ArchiveRelocationMode: 1.
Narrow klass base: 0x0000000000000000, Narrow klass shift: 0, Narrow klass range: 0x0

GC Precious Log:
<Empty>

Heap:
 garbage-first heap   total 0K, used 0K [0x0000000704400000, 0x0000000800000000)
  region size 2048K, 0 young (0K), 0 survivors (0K)

[error occurred during error reporting (printing heap information), id 0xc0000005, EXCEPTION_ACCESS_VIOLATION (0xc0000005) at pc=0x00007ff8cc7e6d29]

GC Heap History (0 events):
No events

Dll operation events (1 events):
Event: 0.008 Loaded shared library C:\Users\Playdata\.jdks\corretto-17.0.11\bin\java.dll

Deoptimization events (0 events):
No events

Classes unloaded (0 events):
No events

Classes redefined (0 events):
No events

Internal exceptions (0 events):
No events

VM Operations (0 events):
No events

Events (0 events):
No events


Dynamic libraries:
0x00007ff6e7660000 - 0x00007ff6e766e000 	C:\Users\Playdata\.jdks\corretto-17.0.11\bin\java.exe
0x00007ff932650000 - 0x00007ff932867000 	C:\WINDOWS\SYSTEM32\ntdll.dll
0x00007ff930390000 - 0x00007ff930454000 	C:\WINDOWS\System32\KERNEL32.DLL
0x00007ff92f9e0000 - 0x00007ff92fd8d000 	C:\WINDOWS\System32\KERNELBASE.dll
0x00007ff92fd90000 - 0x00007ff92fea1000 	C:\WINDOWS\System32\ucrtbase.dll
0x00007ff926930000 - 0x00007ff92694b000 	C:\Users\Playdata\.jdks\corretto-17.0.11\bin\VCRUNTIME140.dll
0x00007ff924450000 - 0x00007ff924467000 	C:\Users\Playdata\.jdks\corretto-17.0.11\bin\jli.dll
0x00007ff930680000 - 0x00007ff93082e000 	C:\WINDOWS\System32\USER32.dll
0x00007ff92f980000 - 0x00007ff92f9a6000 	C:\WINDOWS\System32\win32u.dll
0x00007ff91e310000 - 0x00007ff91e5a3000 	C:\WINDOWS\WinSxS\amd64_microsoft.windows.common-controls_6595b64144ccf1df_6.0.22621.3672_none_2713b9d173822955\COMCTL32.dll
0x00007ff930830000 - 0x00007ff930859000 	C:\WINDOWS\System32\GDI32.dll
0x00007ff930940000 - 0x00007ff9309e7000 	C:\WINDOWS\System32\msvcrt.dll
0x00007ff930090000 - 0x00007ff9301a9000 	C:\WINDOWS\System32\gdi32full.dll
0x00007ff92ff70000 - 0x00007ff93000a000 	C:\WINDOWS\System32\msvcp_win.dll
0x00007ff9325d0000 - 0x00007ff932601000 	C:\WINDOWS\System32\IMM32.DLL
0x00007ff926fd0000 - 0x00007ff926fdc000 	C:\Users\Playdata\.jdks\corretto-17.0.11\bin\vcruntime140_1.dll
0x00007ff8f7360000 - 0x00007ff8f73ed000 	C:\Users\Playdata\.jdks\corretto-17.0.11\bin\msvcp140.dll
0x00007ff8cc110000 - 0x00007ff8ccd72000 	C:\Users\Playdata\.jdks\corretto-17.0.11\bin\server\jvm.dll
0x00007ff9322e0000 - 0x00007ff932392000 	C:\WINDOWS\System32\ADVAPI32.dll
0x00007ff932080000 - 0x00007ff932129000 	C:\WINDOWS\System32\sechost.dll
0x00007ff92f9b0000 - 0x00007ff92f9d8000 	C:\WINDOWS\System32\bcrypt.dll
0x00007ff930be0000 - 0x00007ff930cf4000 	C:\WINDOWS\System32\RPCRT4.dll
0x00007ff92f280000 - 0x00007ff92f2cd000 	C:\WINDOWS\SYSTEM32\POWRPROF.dll
0x00007ff914fa0000 - 0x00007ff914fa9000 	C:\WINDOWS\SYSTEM32\WSOCK32.dll
0x00007ff9317f0000 - 0x00007ff931861000 	C:\WINDOWS\System32\WS2_32.dll
0x00007ff927970000 - 0x00007ff9279a4000 	C:\WINDOWS\SYSTEM32\WINMM.dll
0x00007ff922e50000 - 0x00007ff922e5a000 	C:\WINDOWS\SYSTEM32\VERSION.dll
0x00007ff92f220000 - 0x00007ff92f233000 	C:\WINDOWS\SYSTEM32\UMPDC.dll
0x00007ff92e970000 - 0x00007ff92e988000 	C:\WINDOWS\SYSTEM32\kernel.appcore.dll
0x00007ff924430000 - 0x00007ff92443a000 	C:\Users\Playdata\.jdks\corretto-17.0.11\bin\jimage.dll
0x00007ff92d0a0000 - 0x00007ff92d2d2000 	C:\WINDOWS\SYSTEM32\DBGHELP.DLL
0x00007ff931870000 - 0x00007ff931bf8000 	C:\WINDOWS\System32\combase.dll
0x00007ff930860000 - 0x00007ff930937000 	C:\WINDOWS\System32\OLEAUT32.dll
0x00007ff90e3c0000 - 0x00007ff90e3f2000 	C:\WINDOWS\SYSTEM32\dbgcore.DLL
0x00007ff930010000 - 0x00007ff93008b000 	C:\WINDOWS\System32\bcryptPrimitives.dll
0x00007ff916150000 - 0x00007ff916175000 	C:\Users\Playdata\.jdks\corretto-17.0.11\bin\java.dll

dbghelp: loaded successfully - version: 4.0.5 - missing functions: none
symbol engine: initialized successfully - sym options: 0x614 - pdb path: .;C:\Users\Playdata\.jdks\corretto-17.0.11\bin;C:\WINDOWS\SYSTEM32;C:\WINDOWS\WinSxS\amd64_microsoft.windows.common-controls_6595b64144ccf1df_6.0.22621.3672_none_2713b9d173822955;C:\Users\Playdata\.jdks\corretto-17.0.11\bin\server

VM Arguments:
jvm_args: -Dnet.bytebuddy.agent.attacher.dump= 
java_command: net.bytebuddy.agent.Attacher com.sun.tools.attach.VirtualMachine 13472 C:\Users\Playdata\.gradle\caches\modules-2\files-2.1\net.bytebuddy\byte-buddy-agent\1.14.18\417558ea01fe9f0e8a94af28b9469d281c4e3984\byte-buddy-agent-1.14.18.jar false 
java_class_path (initial): C:\Users\Playdata\.gradle\caches\modules-2\files-2.1\net.bytebuddy\byte-buddy-agent\1.14.18\417558ea01fe9f0e8a94af28b9469d281c4e3984\byte-buddy-agent-1.14.18.jar
Launcher Type: SUN_STANDARD

[Global flags]
     intx CICompilerCount                          = 4                                         {product} {ergonomic}
     uint ConcGCThreads                            = 2                                         {product} {ergonomic}
     uint G1ConcRefinementThreads                  = 8                                         {product} {ergonomic}
   size_t G1HeapRegionSize                         = 2097152                                   {product} {ergonomic}
    uintx GCDrainStackTargetSize                   = 64                                        {product} {ergonomic}
   size_t InitialHeapSize                          = 264241152                                 {product} {ergonomic}
   size_t MarkStackSize                            = 4194304                                   {product} {ergonomic}
   size_t MaxHeapSize                              = 4223664128                                {product} {ergonomic}
   size_t MinHeapDeltaBytes                        = 2097152                                   {product} {ergonomic}
   size_t MinHeapSize                              = 8388608                                   {product} {ergonomic}
    uintx NonNMethodCodeHeapSize                   = 5839372                                {pd product} {ergonomic}
    uintx NonProfiledCodeHeapSize                  = 122909434                              {pd product} {ergonomic}
    uintx ProfiledCodeHeapSize                     = 122909434                              {pd product} {ergonomic}
    uintx ReservedCodeCacheSize                    = 251658240                              {pd product} {ergonomic}
     bool SegmentedCodeCache                       = true                                      {product} {ergonomic}
   size_t SoftMaxHeapSize                          = 4223664128                             {manageable} {ergonomic}
     bool UseCompressedClassPointers               = true                           {product lp64_product} {ergonomic}
     bool UseCompressedOops                        = true                           {product lp64_product} {ergonomic}
     bool UseG1GC                                  = true                                      {product} {ergonomic}
     bool UseLargePagesIndividualAllocation        = false                                  {pd product} {ergonomic}

Logging:
Log output configuration:
 #0: stdout all=warning uptime,level,tags
 #1: stderr all=off uptime,level,tags

Environment Variables:
JAVA_HOME=C:\Users\Playdata\.jdks\corretto-17.0.11
PATH=C:\Users\Playdata\.jdks\corretto-17.0.11\bin;C:\sibal\bin;C:\sibal\lib;C:\Program Files\Common Files\Oracle\Java\javapath;C:\Program Files\Eclipse Adoptium\jdk-8.0.402.6-hotspot\bin;C:\WINDOWS\system32;C:\WINDOWS;C:\WINDOWS\System32\Wbem;C:\WINDOWS\System32\WindowsPowerShell\v1.0\;C:\WINDOWS\System32\OpenSSH\;C:\Users\Playdata\Downloads\Git\cmd;C:\node.js\;C:\ProgramData\chocolatey\bin;C:\Program Files\Docker\Docker\resources\bin;C:\Program Files\Redis\;C:\Users\Playdata\AppData\Local\Android\platform-tools;C:\Users\Playdata\AppData\Local\Android\tools;C:\Users\Playdata\AppData\Local\Android\tools\bin;C:\Program Files\MySQL\MySQL Shell 8.0\bin\;C:\Users\Playdata\AppData\Local\Microsoft\WindowsApps;C:\Users\Playdata\AppData\Local\Programs\Microsoft VS Code\bin;C:\Users\Playdata\AppData\Roaming\npm;C:\Program Files\JetBrains\IntelliJ IDEA 2024.1\bin;C:\Users\Playdata\AppData\Local\JetBrains\Toolbox\scripts;C:\Users\Playdata\AppData\Local\Microsoft\WinGet\Packages\Helm.Helm_Microsoft.Winget.Source_8wekyb3d8bbwe\windows-amd64;C:\Users\Playdata\AppData\Local\Android\Sdk\platform-tools;
USERNAME=Playdata
OS=Windows_NT
PROCESSOR_IDENTIFIER=Intel64 Family 6 Model 140 Stepping 1, GenuineIntel
TMP=C:\Users\Playdata\AppData\Local\Temp
TEMP=C:\Users\Playdata\AppData\Local\Temp



Periodic native trim disabled


---------------  S Y S T E M  ---------------

OS:
 Windows 11 , 64 bit Build 22621 (10.0.22621.3672)
OS uptime: 13 days 7:23 hours
Hyper-V role detected

CPU: total 8 (initial active 8) (4 cores per cpu, 2 threads per core) family 6 model 140 stepping 1 microcode 0x8a, cx8, cmov, fxsr, ht, mmx, 3dnowpref, sse, sse2, sse3, ssse3, sse4.1, sse4.2, popcnt, lzcnt, tsc, tscinvbit, avx, avx2, aes, erms, clmul, bmi1, bmi2, adx, avx512f, avx512dq, avx512cd, avx512bw, avx512vl, sha, fma, vzeroupper, avx512_vpopcntdq, avx512_vpclmulqdq, avx512_vaes, avx512_vnni, clflush, clflushopt, clwb, avx512_vbmi2, avx512_vbmi, hv
Processor Information for processor 0
  Max Mhz: 2419, Current Mhz: 1209, Mhz Limit: 2419
Processor Information for processor 1
  Max Mhz: 2419, Current Mhz: 2419, Mhz Limit: 2419
Processor Information for processor 2
  Max Mhz: 2419, Current Mhz: 2419, Mhz Limit: 2419
Processor Information for processor 3
  Max Mhz: 2419, Current Mhz: 2419, Mhz Limit: 2419
Processor Information for processor 4
  Max Mhz: 2419, Current Mhz: 2419, Mhz Limit: 2419
Processor Information for processor 5
  Max Mhz: 2419, Current Mhz: 2419, Mhz Limit: 2419
Processor Information for processor 6
  Max Mhz: 2419, Current Mhz: 2419, Mhz Limit: 2419
Processor Information for processor 7
  Max Mhz: 2419, Current Mhz: 2419, Mhz Limit: 2419

Memory: 4k page, system-wide physical 16107M (331M free)
TotalPageFile size 44569M (AvailPageFile size 83M)
current process WorkingSet (physical memory assigned to process): 11M, peak: 11M
current process commit charge ("private bytes"): 60M, peak: 312M

vm_info: OpenJDK 64-Bit Server VM (17.0.11+9-LTS) for windows-amd64 JRE (17.0.11+9-LTS), built on Apr 10 2024 22:12:24 by "Administrator" with MS VC++ 16.10 / 16.11 (VS2019)

END.
